<?xml version="1.0" encoding="UTF-8"?>
<!-- Generated by org.testng.reporters.JUnitReportReporter -->
<testsuite hostname="Vybhavi-HP" failures="0" tests="1" name="com.TestCases.TestGoogle" time="1.636" errors="0" timestamp="27 Oct 2021 20:30:03 GMT" skipped="0">
  <testcase classname="com.TestCases.TestGoogle" name="launchBrowser" time="1.636"/>
</testsuite> <!-- com.TestCases.TestGoogle -->
