<?xml version="1.0" encoding="UTF-8"?>
<!-- Generated by org.testng.reporters.JUnitReportReporter -->
<testsuite hostname="Vybhavi-HP" failures="0" tests="1" name="com.TestCases.TestYahoo" time="4.001" errors="0" timestamp="28 Oct 2021 06:12:11 GMT" skipped="0">
  <testcase classname="com.TestCases.TestYahoo" name="yahoolaunch" time="4.001"/>
</testsuite> <!-- com.TestCases.TestYahoo -->
